Build started 2014-12-01 00:03:55.
     1>Project "C:\Users\Fredrik\Documents\Visual Studio 2013\Projects\Slave-Simulator\SlaveSimulatorSFML\SlaveSimulatorSFML.vcxproj" on node 2 (Build target(s)).
     1>ClCompile:
         C:\Program Files (x86)\Microsoft Visual Studio 12.0\VC\bin\CL.exe /c /I"C:\SFML\SFML-2.1\include" /Zi /nologo /W3 /WX- /sdl /O2 /Oi /Oy- /GL /D WIN32 /D NDEBUG /D _CONSOLE /D _LIB /D _UNICODE /D UNICODE /Gm- /EHsc /MD /GS /Gy /fp:precise /Zc:wchar_t /Zc:forScope /Fo"Release\\" /Fd"Release\vc120.pdb" /Gd /TP /analyze- /errorReport:prompt Game.cpp Main.cpp Scenario.cpp TestScenario.cpp Textbox.cpp
         Game.cpp
     1>c:\users\fredrik\documents\visual studio 2013\projects\slave-simulator\slavesimulatorsfml\Textbox.h(25): warning C4305: 'initializing' : truncation from 'double' to 'float'
         Main.cpp
     1>c:\users\fredrik\documents\visual studio 2013\projects\slave-simulator\slavesimulatorsfml\Textbox.h(25): warning C4305: 'initializing' : truncation from 'double' to 'float'
         Scenario.cpp
     1>c:\users\fredrik\documents\visual studio 2013\projects\slave-simulator\slavesimulatorsfml\Textbox.h(25): warning C4305: 'initializing' : truncation from 'double' to 'float'
         TestScenario.cpp
     1>c:\users\fredrik\documents\visual studio 2013\projects\slave-simulator\slavesimulatorsfml\Textbox.h(25): warning C4305: 'initializing' : truncation from 'double' to 'float'
         Textbox.cpp
     1>c:\users\fredrik\documents\visual studio 2013\projects\slave-simulator\slavesimulatorsfml\Textbox.h(25): warning C4305: 'initializing' : truncation from 'double' to 'float'
       Link:
         C:\Program Files (x86)\Microsoft Visual Studio 12.0\VC\bin\link.exe /ERRORREPORT:PROMPT /OUT:"C:\Users\Fredrik\Documents\Visual Studio 2013\Projects\Slave-Simulator\Release\SlaveSimulatorSFML.exe" /INCREMENTAL:NO /NOLOGO /LIBPATH:"C:\SFML\SFML-2.1\Libs\Release" "sfml-graphics.lib" "sfml-window.lib" "sfml-system.lib" "sfml-main.lib" opengl32.lib glu32.lib kernel32.lib user32.lib gdi32.lib winspool.lib comdlg32.lib advapi32.lib shell32.lib ole32.lib oleaut32.lib uuid.lib odbc32.lib odbccp32.lib /MANIFEST /MANIFESTUAC:"level='asInvoker' uiAccess='false'" /manifest:embed /DEBUG /PDB:"C:\Users\Fredrik\Documents\Visual Studio 2013\Projects\Slave-Simulator\Release\SlaveSimulatorSFML.pdb" /SUBSYSTEM:WINDOWS /OPT:REF /OPT:ICF /LTCG /TLBID:1 /DYNAMICBASE /NXCOMPAT /IMPLIB:"C:\Users\Fredrik\Documents\Visual Studio 2013\Projects\Slave-Simulator\Release\SlaveSimulatorSFML.lib" /MACHINE:X86 /SAFESEH Release\BackgroundManager.obj
         Release\Button.obj
         Release\Game.obj
         Release\Main.obj
         Release\Scenario.obj
         Release\Slave.obj
         Release\TestScenario.obj
         Release\Textbox.obj
         Release\VariableManager.obj
         Generating code
         Finished generating code
         SlaveSimulatorSFML.vcxproj -> C:\Users\Fredrik\Documents\Visual Studio 2013\Projects\Slave-Simulator\Release\SlaveSimulatorSFML.exe
     1>Done Building Project "C:\Users\Fredrik\Documents\Visual Studio 2013\Projects\Slave-Simulator\SlaveSimulatorSFML\SlaveSimulatorSFML.vcxproj" (Build target(s)).

Build succeeded.

Time Elapsed 00:00:01.99
